{
  "RSpec": {
    "coverage": {
      "/Users/papercaramel/Uni/ratewine/app/helpers/application_helper.rb": [
        1,
        null
      ],
      "/Users/papercaramel/Uni/ratewine/app/helpers/memberships_helper.rb": [
        1,
        null
      ],
      "/Users/papercaramel/Uni/ratewine/app/helpers/users_helper.rb": [
        1,
        null
      ],
      "/Users/papercaramel/Uni/ratewine/app/helpers/wine_clubs_helper.rb": [
        1,
        null
      ],
      "/Users/papercaramel/Uni/ratewine/app/helpers/wineries_helper.rb": [
        1,
        null
      ],
      "/Users/papercaramel/Uni/ratewine/app/helpers/wines_helper.rb": [
        1,
        null
      ],
      "/Users/papercaramel/Uni/ratewine/app/models/user.rb": [
        1,
        1,
        null,
        1,
        null,
        1,
        null,
        null,
        1,
        null,
        null,
        null,
        1,
        1,
        1,
        1,
        null,
        1,
        3,
        null,
        2,
        null,
        null,
        1,
        null,
        null,
        1,
        null,
        null
      ],
      "/Users/papercaramel/Uni/ratewine/app/models/application_record.rb": [
        1,
        1,
        null
      ],
      "/Users/papercaramel/Uni/ratewine/app/models/concerns/rating_average.rb": [
        1,
        1,
        null,
        1,
        14,
        null,
        null
      ],
      "/Users/papercaramel/Uni/ratewine/app/models/wine.rb": [
        1,
        1,
        null,
        1,
        1,
        1,
        null,
        1,
        1,
        null,
        1,
        2,
        null,
        null,
        1,
        0,
        null,
        0,
        null,
        null
      ],
      "/Users/papercaramel/Uni/ratewine/app/models/winery.rb": [
        1,
        1,
        null,
        1,
        1,
        null,
        1,
        1,
        23,
        null,
        null,
        1,
        0,
        0,
        0,
        null,
        null,
        1,
        0,
        0,
        null,
        null
      ],
      "/Users/papercaramel/Uni/ratewine/app/controllers/sessions_controller.rb": [
        1,
        1,
        null,
        null,
        null,
        1,
        8,
        null,
        8,
        7,
        7,
        null,
        1,
        null,
        null,
        null,
        1,
        null,
        0,
        null,
        null,
        0,
        null,
        null
      ],
      "/Users/papercaramel/Uni/ratewine/app/controllers/application_controller.rb": [
        1,
        null,
        1,
        null,
        1,
        110,
        null,
        86,
        null,
        null,
        1,
        4,
        null,
        null
      ],
      "/Users/papercaramel/Uni/ratewine/app/controllers/users_controller.rb": [
        1,
        1,
        null,
        null,
        null,
        1,
        0,
        null,
        null,
        null,
        null,
        1,
        null,
        null,
        null,
        1,
        1,
        null,
        null,
        null,
        1,
        null,
        null,
        null,
        null,
        1,
        1,
        null,
        1,
        1,
        2,
        1,
        null,
        0,
        0,
        null,
        null,
        null,
        null,
        null,
        null,
        1,
        0,
        0,
        0,
        0,
        null,
        0,
        0,
        null,
        null,
        null,
        null,
        null,
        null,
        1,
        0,
        0,
        null,
        null,
        0,
        null,
        0,
        0,
        0,
        null,
        null,
        null,
        1,
        null,
        null,
        1,
        12,
        null,
        null,
        null,
        1,
        1,
        null,
        null
      ],
      "/Users/papercaramel/Uni/ratewine/app/models/rating.rb": [
        1,
        1,
        1,
        null,
        1,
        null,
        null,
        null,
        1,
        15,
        null,
        null
      ],
      "/Users/papercaramel/Uni/ratewine/app/models/membership.rb": [
        1,
        1,
        1,
        null
      ],
      "/Users/papercaramel/Uni/ratewine/app/models/wine_club.rb": [
        1,
        1,
        1,
        null,
        1,
        0,
        null,
        null
      ],
      "/Users/papercaramel/Uni/ratewine/app/controllers/ratings_controller.rb": [
        1,
        1,
        null,
        null,
        null,
        1,
        2,
        null,
        null,
        null,
        null,
        1,
        null,
        null,
        null,
        1,
        1,
        1,
        null,
        null,
        null,
        1,
        null,
        null,
        null,
        null,
        1,
        1,
        1,
        null,
        1,
        0,
        1,
        1,
        1,
        null,
        0,
        0,
        null,
        null,
        null,
        null,
        null,
        1,
        0,
        0,
        0,
        0,
        null,
        0,
        0,
        null,
        null,
        null,
        null,
        null,
        null,
        1,
        1,
        1,
        1,
        null,
        null,
        1,
        null,
        null,
        1,
        1,
        null,
        null,
        null,
        1,
        0,
        null,
        null
      ],
      "/Users/papercaramel/Uni/ratewine/app/controllers/wineries_controller.rb": [
        1,
        1,
        1,
        null,
        null,
        null,
        1,
        3,
        null,
        null,
        null,
        null,
        1,
        null,
        null,
        null,
        1,
        0,
        null,
        null,
        null,
        1,
        null,
        null,
        null,
        null,
        1,
        0,
        null,
        0,
        0,
        0,
        0,
        null,
        0,
        0,
        null,
        null,
        null,
        null,
        null,
        null,
        1,
        0,
        0,
        0,
        0,
        null,
        0,
        0,
        null,
        null,
        null,
        null,
        null,
        null,
        1,
        0,
        0,
        0,
        0,
        null,
        null,
        null,
        1,
        null,
        null,
        1,
        1,
        null,
        null,
        null,
        1,
        0,
        null,
        null
      ],
      "/Users/papercaramel/Uni/ratewine/app/controllers/wines_controller.rb": [
        1,
        1,
        1,
        1,
        null,
        null,
        null,
        1,
        3,
        null,
        null,
        null,
        null,
        1,
        null,
        null,
        null,
        1,
        2,
        null,
        null,
        null,
        1,
        null,
        null,
        null,
        null,
        1,
        2,
        null,
        2,
        2,
        2,
        1,
        null,
        1,
        2,
        1,
        null,
        null,
        null,
        null,
        null,
        null,
        1,
        0,
        0,
        0,
        0,
        null,
        0,
        0,
        null,
        null,
        null,
        null,
        null,
        null,
        1,
        0,
        0,
        0,
        0,
        null,
        null,
        null,
        1,
        null,
        null,
        1,
        0,
        null,
        null,
        null,
        1,
        2,
        null,
        null,
        1,
        3,
        3,
        null,
        null
      ],
      "/Users/papercaramel/Uni/ratewine/app/channels/application_cable/channel.rb": [
        0,
        0,
        0,
        0
      ],
      "/Users/papercaramel/Uni/ratewine/app/channels/application_cable/connection.rb": [
        0,
        0,
        0,
        0
      ],
      "/Users/papercaramel/Uni/ratewine/app/controllers/memberships_controller.rb": [
        0,
        0,
        null,
        null,
        null,
        0,
        0,
        0,
        null,
        null,
        null,
        0,
        0,
        null,
        null,
        0,
        0,
        0,
        0,
        null,
        null,
        0,
        0,
        null,
        null,
        null,
        0,
        0,
        0,
        null,
        0,
        0,
        0,
        0,
        0,
        0,
        0,
        0,
        0,
        0,
        null,
        null,
        null,
        0,
        0,
        0,
        0,
        0,
        0,
        0,
        0,
        0,
        0,
        0,
        null,
        null,
        null,
        0,
        0,
        0,
        0,
        0,
        0,
        0,
        null,
        0,
        null,
        null,
        0,
        0,
        0,
        null,
        null,
        0,
        0,
        0,
        0
      ],
      "/Users/papercaramel/Uni/ratewine/app/controllers/wine_clubs_controller.rb": [
        0,
        0,
        0,
        null,
        null,
        null,
        0,
        0,
        0,
        null,
        null,
        null,
        0,
        0,
        0,
        null,
        null,
        0,
        0,
        0,
        null,
        null,
        0,
        0,
        null,
        null,
        null,
        0,
        0,
        null,
        0,
        0,
        0,
        0,
        0,
        0,
        0,
        0,
        0,
        0,
        null,
        null,
        null,
        0,
        0,
        0,
        0,
        0,
        0,
        0,
        0,
        0,
        0,
        0,
        null,
        null,
        null,
        0,
        0,
        0,
        0,
        0,
        0,
        0,
        null,
        0,
        null,
        null,
        0,
        0,
        0,
        null,
        null,
        0,
        0,
        0,
        0
      ],
      "/Users/papercaramel/Uni/ratewine/app/jobs/application_job.rb": [
        0,
        0
      ],
      "/Users/papercaramel/Uni/ratewine/app/mailers/application_mailer.rb": [
        0,
        0,
        0,
        0
      ]
    },
    "timestamp": 1538307423
  }
}
