{
  "RSpec": {
    "coverage": {
      "/Users/papercaramel/Uni/ratewine/app/helpers/application_helper.rb": [
        1,
        null
      ],
      "/Users/papercaramel/Uni/ratewine/app/helpers/memberships_helper.rb": [
        1,
        null
      ],
      "/Users/papercaramel/Uni/ratewine/app/helpers/styles_helper.rb": [
        1,
        null
      ],
      "/Users/papercaramel/Uni/ratewine/app/helpers/users_helper.rb": [
        1,
        null
      ],
      "/Users/papercaramel/Uni/ratewine/app/helpers/wine_clubs_helper.rb": [
        1,
        null
      ],
      "/Users/papercaramel/Uni/ratewine/app/helpers/wineries_helper.rb": [
        1,
        null
      ],
      "/Users/papercaramel/Uni/ratewine/app/helpers/wines_helper.rb": [
        1,
        null
      ],
      "/Users/papercaramel/Uni/ratewine/app/models/user.rb": [
        1,
        1,
        1,
        1,
        1,
        null,
        1,
        null,
        1,
        null,
        1,
        null,
        null,
        1,
        null,
        null,
        null,
        null,
        null,
        1,
        8,
        null,
        7,
        null,
        null,
        1,
        21,
        null,
        null,
        1,
        8,
        null,
        26,
        7,
        12,
        null,
        null,
        19,
        null,
        null,
        1,
        8,
        null,
        26,
        7,
        9,
        null,
        null,
        16,
        null,
        null
      ],
      "/Users/papercaramel/Uni/ratewine/app/models/application_record.rb": [
        1,
        1,
        null
      ],
      "/Users/papercaramel/Uni/ratewine/app/models/concerns/rating_average.rb": [
        1,
        1,
        null,
        1,
        7,
        null,
        null
      ],
      "/Users/papercaramel/Uni/ratewine/app/models/wine.rb": [
        1,
        1,
        1,
        1,
        1,
        null,
        1,
        null,
        1,
        1,
        null,
        1,
        0,
        null,
        0,
        null,
        null,
        1,
        2,
        null,
        null
      ],
      "/Users/papercaramel/Uni/ratewine/lib/beermapping_api.rb": [
        1,
        1,
        4,
        7,
        null,
        null,
        1,
        3,
        null,
        3,
        3,
        null,
        3,
        null,
        2,
        2,
        2,
        null,
        null,
        null,
        1,
        0,
        null,
        0,
        0,
        null,
        0,
        null,
        0,
        null,
        null,
        1,
        3,
        null,
        3,
        null,
        null
      ],
      "/Users/papercaramel/Uni/ratewine/app/models/place.rb": [
        1,
        1,
        5,
        null,
        null
      ],
      "/Users/papercaramel/Uni/ratewine/lib/apixu_api.rb": [
        1,
        1,
        0,
        0,
        0,
        null,
        null,
        1,
        0,
        null,
        0,
        null,
        null
      ],
      "/Users/papercaramel/Uni/ratewine/app/controllers/places_controller.rb": [
        1,
        1,
        null,
        1,
        null,
        null,
        1,
        null,
        null,
        1,
        3,
        3,
        1,
        null,
        2,
        2,
        2,
        null,
        null,
        null,
        1,
        0,
        null,
        null
      ],
      "/Users/papercaramel/Uni/ratewine/app/controllers/application_controller.rb": [
        1,
        1,
        null,
        1,
        108,
        null,
        77,
        null,
        null,
        1,
        4,
        null,
        null
      ],
      "/Users/papercaramel/Uni/ratewine/app/models/winery.rb": [
        1,
        1,
        1,
        null,
        1,
        1,
        40,
        null,
        null,
        1,
        null
      ],
      "/Users/papercaramel/Uni/ratewine/app/models/style.rb": [
        1,
        1,
        null
      ],
      "/Users/papercaramel/Uni/ratewine/app/controllers/sessions_controller.rb": [
        1,
        1,
        null,
        null,
        null,
        1,
        8,
        null,
        8,
        7,
        7,
        null,
        1,
        null,
        null,
        null,
        1,
        null,
        0,
        null,
        null,
        0,
        null,
        null
      ],
      "/Users/papercaramel/Uni/ratewine/app/controllers/users_controller.rb": [
        1,
        1,
        null,
        null,
        null,
        1,
        0,
        null,
        null,
        null,
        null,
        1,
        null,
        null,
        null,
        1,
        1,
        null,
        null,
        null,
        1,
        null,
        null,
        null,
        null,
        1,
        1,
        null,
        1,
        1,
        2,
        1,
        null,
        0,
        0,
        null,
        null,
        null,
        null,
        null,
        null,
        1,
        0,
        0,
        0,
        0,
        null,
        0,
        0,
        null,
        null,
        null,
        null,
        null,
        null,
        1,
        0,
        0,
        null,
        null,
        0,
        null,
        0,
        0,
        0,
        null,
        null,
        null,
        1,
        null,
        null,
        1,
        12,
        null,
        null,
        null,
        1,
        1,
        null,
        null
      ],
      "/Users/papercaramel/Uni/ratewine/app/models/rating.rb": [
        1,
        1,
        1,
        null,
        1,
        null,
        null,
        null,
        1,
        15,
        null,
        null
      ],
      "/Users/papercaramel/Uni/ratewine/app/models/membership.rb": [
        1,
        1,
        1,
        null,
        1,
        null,
        null,
        null,
        null
      ],
      "/Users/papercaramel/Uni/ratewine/app/models/wine_club.rb": [
        1,
        1,
        1,
        null,
        1,
        0,
        null,
        null
      ],
      "/Users/papercaramel/Uni/ratewine/app/controllers/ratings_controller.rb": [
        1,
        null,
        null,
        1,
        2,
        null,
        null,
        null,
        null,
        1,
        null,
        null,
        null,
        1,
        1,
        1,
        null,
        null,
        null,
        1,
        null,
        null,
        null,
        null,
        1,
        1,
        1,
        null,
        1,
        0,
        1,
        1,
        null,
        0,
        0,
        null,
        null,
        null,
        null,
        null,
        1,
        0,
        0,
        0,
        0,
        null,
        0,
        0,
        null,
        null,
        null,
        null,
        null,
        null,
        1,
        1,
        1,
        1,
        null,
        null,
        1,
        null,
        null,
        1,
        0,
        null,
        null,
        null,
        1,
        0,
        null,
        null
      ],
      "/Users/papercaramel/Uni/ratewine/app/controllers/wineries_controller.rb": [
        1,
        1,
        1,
        null,
        null,
        null,
        1,
        3,
        null,
        null,
        null,
        null,
        1,
        null,
        null,
        null,
        1,
        0,
        null,
        null,
        null,
        1,
        null,
        null,
        null,
        null,
        1,
        0,
        null,
        0,
        0,
        0,
        0,
        null,
        0,
        0,
        null,
        null,
        null,
        null,
        null,
        null,
        1,
        0,
        0,
        0,
        0,
        null,
        0,
        0,
        null,
        null,
        null,
        null,
        null,
        null,
        1,
        0,
        0,
        0,
        0,
        null,
        null,
        null,
        1,
        null,
        null,
        1,
        1,
        null,
        null,
        null,
        1,
        0,
        null,
        null
      ],
      "/Users/papercaramel/Uni/ratewine/app/controllers/wines_controller.rb": [
        1,
        1,
        1,
        1,
        null,
        null,
        null,
        1,
        1,
        null,
        null,
        null,
        null,
        1,
        0,
        0,
        null,
        null,
        null,
        1,
        2,
        null,
        null,
        null,
        1,
        null,
        null,
        null,
        null,
        1,
        2,
        null,
        2,
        2,
        2,
        1,
        null,
        1,
        2,
        1,
        null,
        null,
        null,
        null,
        null,
        null,
        1,
        0,
        0,
        0,
        0,
        null,
        0,
        0,
        null,
        null,
        null,
        null,
        null,
        null,
        1,
        0,
        0,
        0,
        0,
        null,
        null,
        null,
        1,
        null,
        null,
        1,
        0,
        null,
        null,
        null,
        1,
        2,
        null,
        null,
        1,
        5,
        5,
        null,
        null
      ],
      "/Users/papercaramel/Uni/ratewine/app/channels/application_cable/channel.rb": [
        0,
        0,
        0,
        0
      ],
      "/Users/papercaramel/Uni/ratewine/app/channels/application_cable/connection.rb": [
        0,
        0,
        0,
        0
      ],
      "/Users/papercaramel/Uni/ratewine/app/controllers/memberships_controller.rb": [
        0,
        0,
        null,
        null,
        null,
        0,
        0,
        0,
        null,
        null,
        null,
        0,
        0,
        null,
        null,
        0,
        0,
        0,
        0,
        null,
        null,
        0,
        0,
        null,
        null,
        null,
        0,
        0,
        0,
        null,
        0,
        0,
        0,
        0,
        0,
        0,
        0,
        0,
        0,
        0,
        null,
        null,
        null,
        0,
        0,
        0,
        0,
        0,
        0,
        0,
        0,
        0,
        0,
        0,
        null,
        null,
        null,
        0,
        0,
        0,
        0,
        0,
        0,
        0,
        null,
        0,
        null,
        null,
        0,
        0,
        0,
        null,
        null,
        0,
        0,
        0,
        0
      ],
      "/Users/papercaramel/Uni/ratewine/app/controllers/styles_controller.rb": [
        0,
        0,
        null,
        null,
        null,
        0,
        0,
        0,
        null,
        null,
        null,
        0,
        0,
        null,
        null,
        0,
        0,
        0,
        null,
        null,
        0,
        0,
        null,
        null,
        null,
        0,
        0,
        null,
        0,
        0,
        0,
        0,
        0,
        0,
        0,
        0,
        0,
        0,
        null,
        null,
        null,
        0,
        0,
        0,
        0,
        0,
        0,
        0,
        0,
        0,
        0,
        0,
        null,
        null,
        null,
        0,
        0,
        0,
        0,
        0,
        0,
        0,
        null,
        0,
        null,
        null,
        0,
        0,
        0,
        null,
        null,
        0,
        0,
        0,
        0
      ],
      "/Users/papercaramel/Uni/ratewine/app/controllers/wine_clubs_controller.rb": [
        0,
        0,
        0,
        null,
        null,
        null,
        0,
        0,
        0,
        null,
        null,
        null,
        0,
        0,
        0,
        0,
        0,
        0,
        0,
        null,
        null,
        0,
        0,
        0,
        null,
        null,
        0,
        0,
        null,
        null,
        null,
        0,
        0,
        null,
        0,
        0,
        0,
        0,
        0,
        0,
        0,
        0,
        0,
        0,
        null,
        null,
        null,
        0,
        0,
        0,
        0,
        0,
        0,
        0,
        0,
        0,
        0,
        0,
        null,
        null,
        null,
        0,
        0,
        0,
        0,
        0,
        0,
        0,
        null,
        0,
        null,
        null,
        0,
        0,
        0,
        null,
        null,
        0,
        0,
        0,
        0
      ],
      "/Users/papercaramel/Uni/ratewine/app/jobs/application_job.rb": [
        0,
        0
      ],
      "/Users/papercaramel/Uni/ratewine/app/mailers/application_mailer.rb": [
        0,
        0,
        0,
        0
      ]
    },
    "timestamp": 1539466163
  }
}
